<?xml version="1.0" encoding="UTF-8"?>
<!-- Generated by org.testng.reporters.JUnitXMLReporter -->
<testsuite ignored="0" hostname="DESKTOP-F6HM3TR" failures="0" tests="5" name="Test" time="0.178" errors="0" timestamp="2023-01-23T15:02:06 IST">
  <testcase classname="distributionExecution.FourthTest" name="demo" time="0.027"/>
  <testcase classname="distributionExecution.ThirdTest" name="demo" time="0.003"/>
  <testcase classname="distributionExecution.FifthTest" name="demo" time="0.008"/>
  <testcase classname="distributionExecution.SecondTest" name="demo" time="0.003"/>
  <testcase classname="distributionExecution.FirstTest" name="demo" time="0.018"/>
</testsuite> <!-- Test -->
