<?xml version="1.0" encoding="UTF-8"?>
<testng-results ignored="0" total="5" passed="5" failed="0" skipped="0">
  <reporter-output>
    <line>
      <![CDATA[FourthTest]]>
    </line>
    <line>
      <![CDATA[ThirdTest]]>
    </line>
    <line>
      <![CDATA[FifthTest]]>
    </line>
    <line>
      <![CDATA[SecondTest]]>
    </line>
    <line>
      <![CDATA[FirstTest]]>
    </line>
  </reporter-output>
  <suite started-at="2023-01-23T15:02:06 IST" name="Suite" finished-at="2023-01-23T15:02:06 IST" duration-ms="178">
    <groups>
    </groups>
    <test started-at="2023-01-23T15:02:06 IST" name="Test" finished-at="2023-01-23T15:02:06 IST" duration-ms="178">
      <class name="distributionExecution.SecondTest">
        <test-method signature="demo()[pri:0, instance:distributionExecution.SecondTest@272ed83b]" started-at="2023-01-23T15:02:06 IST" name="demo" finished-at="2023-01-23T15:02:06 IST" duration-ms="3" status="PASS">
          <reporter-output>
            <line>
              <![CDATA[SecondTest]]>
            </line>
          </reporter-output>
        </test-method> <!-- demo -->
      </class> <!-- distributionExecution.SecondTest -->
      <class name="distributionExecution.FirstTest">
        <test-method signature="demo()[pri:0, instance:distributionExecution.FirstTest@41fecb8b]" started-at="2023-01-23T15:02:06 IST" name="demo" finished-at="2023-01-23T15:02:06 IST" duration-ms="18" status="PASS">
          <reporter-output>
            <line>
              <![CDATA[FirstTest]]>
            </line>
          </reporter-output>
        </test-method> <!-- demo -->
      </class> <!-- distributionExecution.FirstTest -->
      <class name="distributionExecution.FifthTest">
        <test-method signature="demo()[pri:0, instance:distributionExecution.FifthTest@732c2a62]" started-at="2023-01-23T15:02:06 IST" name="demo" finished-at="2023-01-23T15:02:06 IST" duration-ms="8" status="PASS">
          <reporter-output>
            <line>
              <![CDATA[FifthTest]]>
            </line>
          </reporter-output>
        </test-method> <!-- demo -->
      </class> <!-- distributionExecution.FifthTest -->
      <class name="distributionExecution.ThirdTest">
        <test-method signature="demo()[pri:0, instance:distributionExecution.ThirdTest@1ba9117e]" started-at="2023-01-23T15:02:06 IST" name="demo" finished-at="2023-01-23T15:02:06 IST" duration-ms="3" status="PASS">
          <reporter-output>
            <line>
              <![CDATA[ThirdTest]]>
            </line>
          </reporter-output>
        </test-method> <!-- demo -->
      </class> <!-- distributionExecution.ThirdTest -->
      <class name="distributionExecution.FourthTest">
        <test-method signature="demo()[pri:0, instance:distributionExecution.FourthTest@74455848]" started-at="2023-01-23T15:02:06 IST" name="demo" finished-at="2023-01-23T15:02:06 IST" duration-ms="27" status="PASS">
          <reporter-output>
            <line>
              <![CDATA[FourthTest]]>
            </line>
          </reporter-output>
        </test-method> <!-- demo -->
      </class> <!-- distributionExecution.FourthTest -->
    </test> <!-- Test -->
  </suite> <!-- Suite -->
</testng-results>
